#
# There is insufficient memory for the Java Runtime Environment to continue.
# Native memory allocation (mmap) failed to map 65536 bytes. Error detail: Failed to commit metaspace.
# Possible reasons:
#   The system is out of physical RAM or swap space
#   This process is running with CompressedOops enabled, and the Java Heap may be blocking the growth of the native heap
# Possible solutions:
#   Reduce memory load on the system
#   Increase physical memory or swap space
#   Check if swap backing store is full
#   Decrease Java heap size (-Xmx/-Xms)
#   Decrease number of Java threads
#   Decrease Java thread stack sizes (-Xss)
#   Set larger code cache with -XX:ReservedCodeCacheSize=
#   JVM is running with Unscaled Compressed Oops mode in which the Java heap is
#     placed in the first 4GB address space. The Java Heap base address is the
#     maximum limit for the native heap growth. Please use -XX:HeapBaseMinAddress
#     to set the Java Heap base and to place the Java Heap above 4GB virtual address.
# This output file may be truncated or incomplete.
#
#  Out of Memory Error (virtualSpaceNode.cpp:113), pid=7004, tid=25208
#
# JRE version: Java(TM) SE Runtime Environment (23.0.1+11) (build 23.0.1+11-39)
# Java VM: Java HotSpot(TM) 64-Bit Server VM (23.0.1+11-39, mixed mode, tiered, compressed oops, compressed class ptrs, g1 gc, windows-amd64)
# No core dump will be written. Minidumps are not enabled by default on client versions of Windows
#

---------------  S U M M A R Y ------------

Command Line: -Dfile.encoding=UTF-8 --module-path=C:\Users\HP\Documents\NetBeansProjects\ATM Simulator System\build\classes atm.simulator.system.Transactions

Host: Intel(R) Core(TM) i5-8265U CPU @ 1.60GHz, 8 cores, 7G,  Windows 11 , 64 bit Build 22621 (10.0.22621.3958)
Time: Fri Nov  8 19:57:35 2024 India Standard Time elapsed time: 0.251940 seconds (0d 0h 0m 0s)

---------------  T H R E A D  ---------------

Current thread (0x0000024d7520cbc0):  JavaThread "main"             [_thread_in_vm, id=25208, stack(0x000000e6ab800000,0x000000e6ab900000) (1024K)]

Stack: [0x000000e6ab800000,0x000000e6ab900000]
Native frames: (J=compiled Java code, j=interpreted, Vv=VM code, C=native code)
V  [jvm.dll+0x6e08b9]  (no source info available)
V  [jvm.dll+0x87dc83]  (no source info available)
V  [jvm.dll+0x88010e]  (no source info available)
V  [jvm.dll+0x8807e3]  (no source info available)
V  [jvm.dll+0x27aee6]  (no source info available)
V  [jvm.dll+0x87988e]  (no source info available)
V  [jvm.dll+0x682035]  (no source info available)
V  [jvm.dll+0x68209a]  (no source info available)
V  [jvm.dll+0x6848da]  (no source info available)
V  [jvm.dll+0x2219dc]  (no source info available)
V  [jvm.dll+0x682a4e]  (no source info available)
V  [jvm.dll+0x693c49]  (no source info available)
V  [jvm.dll+0x68cffe]  (no source info available)
V  [jvm.dll+0x3d26b1]  (no source info available)
C  0x0000024d0753bf2a  (no source info available)

The last pc belongs to method entry point (kind = zerolocals) (printed below).
Java frames: (J=compiled Java code, j=interpreted, Vv=VM code)
j  java.lang.ModuleLayer.checkGetClassLoaderPermission()V+0 java.base@23.0.1
j  java.lang.ModuleLayer.defineModules(Ljava/lang/module/Configuration;Ljava/util/List;Ljava/util/function/Function;)Ljava/lang/ModuleLayer$Controller;+15 java.base@23.0.1
j  java.lang.ModuleLayer.defineModules(Ljava/lang/module/Configuration;Ljava/util/function/Function;)Ljava/lang/ModuleLayer;+6 java.base@23.0.1
j  jdk.internal.module.ModuleBootstrap.boot2()Ljava/lang/ModuleLayer;+1211 java.base@23.0.1
j  jdk.internal.module.ModuleBootstrap.boot()Ljava/lang/ModuleLayer;+64 java.base@23.0.1
j  java.lang.System.initPhase2(ZZ)I+0 java.base@23.0.1
v  ~StubRoutines::call_stub 0x0000024d07530fcd
Lock stack of current Java thread (top to bottom):

method entry point (kind = zerolocals)  [0x0000024d0753bd60, 0x0000024d0753c118]  952 bytes
[MachCode]
  0x0000024d0753bd60: 488b 5308 | 0fb7 4a2e | 0fb7 522c | 2bd1 81fa | f501 0000 | 0f86 2500 | 0000 488b | c248 c1e0 
  0x0000024d0753bd80: 0348 83c0 | 5849 0387 | d004 0000 | 483b e00f | 870a 0000 | 0058 498b | e550 e941 | a8ff ff58 
  0x0000024d0753bda0: 4c8d 74cc | f885 d20f | 8e09 0000 | 0068 0000 | 0000 ffca | 7ff7 5055 | 488b ec41 | 5568 0000 
  0x0000024d0753bdc0: 0000 4c8b | 6b08 4d8d | 6d38 5348 | 8b53 0848 | 8b52 0848 | 8b52 1848 | 8b52 7048 | 8b12 5248 
  0x0000024d0753bde0: 8b53 1048 | 85d2 0f84 | 0700 0000 | 4881 c210 | 0100 0052 | 488b 5308 | 488b 5208 | 488b 5210 
  0x0000024d0753be00: 5249 8bc6 | 482b c548 | c1e8 0350 | 4155 68f7 | ffff ff41 | c687 7104 | 0000 0148 | 8b45 d848 
  0x0000024d0753be20: 85c0 0f84 | 8400 0000 | 8b48 f485 | c90f 8879 | 0000 0048 | 03c1 488b | 4808 4883 | e902 488b 
  0x0000024d0753be40: 54c8 1048 | f7da 498b | 14d6 4885 | d275 10f6 | 44c8 1801 | 7550 f048 | 834c c818 | 01eb 478b 
  0x0000024d0753be60: 5208 4c8b | d248 3354 | c818 48f7 | c2fc ffff | ff74 33f6 | c202 752e | 4883 7cc8 | 1800 7421 
  0x0000024d0753be80: 4883 7cc8 | 1801 7419 | 498b d248 | 3354 c818 | 48f7 c2fc | ffff ff74 | 0d48 834c | c818 02eb 
  0x0000024d0753bea0: 0548 8954 | c818 4883 | e902 7992 | 488b 4310 | 4885 c074 | 208b 88cc | 0000 0083 | c102 8988 
  0x0000024d0753bec0: cc00 0000 | 2388 e000 | 0000 0f84 | 9601 0000 | e9cf 0000 | 0048 8b43 | 1848 85c0 | 0f85 b000 
  0x0000024d0753bee0: 0000 e805 | 0000 00e9 | 9900 0000 | 488b d348 | 8d44 2408 | 4c89 6dc0 | 498b cfc5 | f877 4989 
  0x0000024d0753bf00: afb0 0300 | 0049 8987 | a003 0000 | 4883 ec20 | 40f6 c40f | 0f84 1900 | 0000 4883 | ec08 48b8 
  0x0000024d0753bf20: 9026 712f | ff7f 0000 | ffd0 4883 | c408 e90c | 0000 0048 | b890 2671 | 2fff 7f00 | 00ff d048 
  0x0000024d0753bf40: 83c4 2049 | c787 a003 | 0000 0000 | 0000 49c7 | 87b0 0300 | 0000 0000 | 0049 c787 | a803 0000 
  0x0000024d0753bf60: 0000 0000 | c5f8 7749 | 837f 0800 | 0f84 0500 | 0000 e949 | 4fff ff4c | 8b6d c04c | 8b75 c84e 
  0x0000024d0753bf80: 8d74 f500 | c348 8b43 | 1848 85c0 | 0f84 1200 | 0000 8b48 | 0883 c102 | 8948 0823 | 481c 0f84 
  0x0000024d0753bfa0: c200 0000 | 493b a7e8 | 0400 000f | 8748 0000 | 0089 8424 | 00f0 ffff | 8984 2400 | e0ff ff89 
  0x0000024d0753bfc0: 8424 00d0 | ffff 8984 | 2400 c0ff | ff89 8424 | 00b0 ffff | 8984 2400 | a0ff ff89 | 8424 0090 
  0x0000024d0753bfe0: ffff 8984 | 2400 80ff | ff49 3ba7 | e004 0000 | 7607 4989 | a7e8 0400 | 0041 c687 | 7104 0000 
  0x0000024d0753c000: 0049 ba41 | adf8 2fff | 7f00 0041 | 803a 000f | 843e 0000 | 0048 8b55 | e849 8bcf | 4883 ec20 
  0x0000024d0753c020: 40f6 c40f | 0f84 1900 | 0000 4883 | ec08 48b8 | 10ee a82f | ff7f 0000 | ffd0 4883 | c408 e90c 
  0x0000024d0753c040: 0000 0048 | b810 eea8 | 2fff 7f00 | 00ff d048 | 83c4 2041 | 0fb6 5d00 | 49ba 507e | fc2f ff7f 
  0x0000024d0753c060: 0000 41ff | 24da ba00 | 0000 00e8 | 0500 0000 | e996 0000 | 0048 8d44 | 2408 4c89 | 6dc0 498b 
  0x0000024d0753c080: cfc5 f877 | 4989 afb0 | 0300 0049 | 8987 a003 | 0000 4883 | ec20 40f6 | c40f 0f84 | 1900 0000 
  0x0000024d0753c0a0: 4883 ec08 | 48b8 a031 | 712f ff7f | 0000 ffd0 | 4883 c408 | e90c 0000 | 0048 b8a0 | 3171 2fff 
  0x0000024d0753c0c0: 7f00 00ff | d048 83c4 | 2049 c787 | a003 0000 | 0000 0000 | 49c7 87b0 | 0300 0000 | 0000 0049 
  0x0000024d0753c0e0: c787 a803 | 0000 0000 | 0000 c5f8 | 7749 837f | 0800 0f84 | 0500 0000 | e9c3 4dff | ff4c 8b6d 
  0x0000024d0753c100: c04c 8b75 | c84e 8d74 | f500 c348 | 8b5d e8e9 | 90fe ffff | 0f1f 4000 
[/MachCode]

---------------  P R O C E S S  ---------------

Threads class SMR info:
_java_thread_list=0x0000024d142ef6e0, length=10, elements={
0x0000024d7520cbc0, 0x0000024d141a9bc0, 0x0000024d14168c20, 0x0000024d1419e490,
0x0000024d1419eef0, 0x0000024d1419f950, 0x0000024d141a03b0, 0x0000024d14195640,
0x0000024d14196890, 0x0000024d14334f00
}

Java Threads: ( => current thread )
=>0x0000024d7520cbc0 JavaThread "main"                              [_thread_in_vm, id=25208, stack(0x000000e6ab800000,0x000000e6ab900000) (1024K)]
  0x0000024d141a9bc0 JavaThread "Reference Handler"          daemon [_thread_blocked, id=9372, stack(0x000000e6ac000000,0x000000e6ac100000) (1024K)]
  0x0000024d14168c20 JavaThread "Finalizer"                  daemon [_thread_blocked, id=14360, stack(0x000000e6ac100000,0x000000e6ac200000) (1024K)]
  0x0000024d1419e490 JavaThread "Signal Dispatcher"          daemon [_thread_blocked, id=25644, stack(0x000000e6ac200000,0x000000e6ac300000) (1024K)]
  0x0000024d1419eef0 JavaThread "Attach Listener"            daemon [_thread_blocked, id=26204, stack(0x000000e6ac300000,0x000000e6ac400000) (1024K)]
  0x0000024d1419f950 JavaThread "Service Thread"             daemon [_thread_blocked, id=26264, stack(0x000000e6ac400000,0x000000e6ac500000) (1024K)]
  0x0000024d141a03b0 JavaThread "Monitor Deflation Thread"   daemon [_thread_blocked, id=26200, stack(0x000000e6ac500000,0x000000e6ac600000) (1024K)]
  0x0000024d14195640 JavaThread "C2 CompilerThread0"         daemon [_thread_in_native, id=26188, stack(0x000000e6ac600000,0x000000e6ac700000) (1024K)]
  0x0000024d14196890 JavaThread "C1 CompilerThread0"         daemon [_thread_blocked, id=26180, stack(0x000000e6ac700000,0x000000e6ac800000) (1024K)]
  0x0000024d14334f00 JavaThread "Common-Cleaner"             daemon [_thread_blocked, id=26216, stack(0x000000e6ac800000,0x000000e6ac900000) (1024K)]
Total: 10

Other Threads:
  0x0000024d140ca4e0 VMThread "VM Thread"                           [id=16448, stack(0x000000e6abf00000,0x000000e6ac000000) (1024K)]
  0x0000024d140a6800 WatcherThread "VM Periodic Task Thread"        [id=24108, stack(0x000000e6abe00000,0x000000e6abf00000) (1024K)]
  0x0000024d774cefa0 WorkerThread "GC Thread#0"                     [id=11076, stack(0x000000e6ab900000,0x000000e6aba00000) (1024K)]
  0x0000024d774e3c10 ConcurrentGCThread "G1 Main Marker"            [id=13048, stack(0x000000e6aba00000,0x000000e6abb00000) (1024K)]
  0x0000024d774e48d0 WorkerThread "G1 Conc#0"                       [id=22880, stack(0x000000e6abb00000,0x000000e6abc00000) (1024K)]
  0x0000024d13f6a100 ConcurrentGCThread "G1 Refine#0"               [id=22820, stack(0x000000e6abc00000,0x000000e6abd00000) (1024K)]
  0x0000024d13f6ac80 ConcurrentGCThread "G1 Service"                [id=7040, stack(0x000000e6abd00000,0x000000e6abe00000) (1024K)]
Total: 7

Threads with active compile tasks:
C2 CompilerThread0  298  192       4       java.util.HashMap::putVal (300 bytes)
Total: 1

VM state: not at safepoint (normal execution)

VM Mutex/Monitor currently owned by a thread:  ([mutex/lock_event])
[0x00007fff2ffb1890] Metaspace_lock - owner thread: 0x0000024d7520cbc0

Heap address: 0x0000000081c00000, size: 2020 MB, Compressed Oops mode: 32-bit

CDS archive(s) not mapped
Compressed class space mapped at: 0x000000001d000000-0x000000005d000000, reserved size: 1073741824
Narrow klass base: 0x0000000000000000, Narrow klass shift: 0, Narrow klass range: 0x5d000000

GC Precious Log:
 CardTable entry size: 512
 Card Set container configuration: InlinePtr #cards 5 size 8 Array Of Cards #cards 10 size 36 Howl #buckets 4 coarsen threshold 1843 Howl Bitmap #cards 512 size 80 coarsen threshold 460 Card regions per heap region 1 cards per card region 2048
 CPUs: 8 total, 8 available
 Memory: 8078M
 Large Page Support: Disabled
 NUMA Support: Disabled
 Compressed Oops: Enabled (32-bit)
 Heap Region Size: 1M
 Heap Min Capacity: 8M
 Heap Initial Capacity: 128M
 Heap Max Capacity: 2020M
 Pre-touch: Disabled
 Parallel Workers: 8
 Concurrent Workers: 2
 Concurrent Refinement Workers: 8
 Periodic GC: Disabled

Heap:
 garbage-first heap   total reserved 2068480K, committed 131072K, used 2048K [0x0000000081c00000, 0x0000000100000000)
  region size 1024K, 3 young (3072K), 0 survivors (0K)
 Metaspace       used 6307K, committed 6400K, reserved 1114112K
  class space    used 545K, committed 576K, reserved 1048576K

Heap Regions: E=young(eden), S=young(survivor), O=old, HS=humongous(starts), HC=humongous(continues), CS=collection set, F=free, TAMS=top-at-mark-start, PB=parsable bottom
|   0|0x0000000081c00000, 0x0000000081c00000, 0x0000000081d00000|  0%| F|  |TAMS 0x0000000081c00000| PB 0x0000000081c00000| Untracked |  0
|   1|0x0000000081d00000, 0x0000000081d00000, 0x0000000081e00000|  0%| F|  |TAMS 0x0000000081d00000| PB 0x0000000081d00000| Untracked |  0
|   2|0x0000000081e00000, 0x0000000081e00000, 0x0000000081f00000|  0%| F|  |TAMS 0x0000000081e00000| PB 0x0000000081e00000| Untracked |  0
|   3|0x0000000081f00000, 0x0000000081f00000, 0x0000000082000000|  0%| F|  |TAMS 0x0000000081f00000| PB 0x0000000081f00000| Untracked |  0
|   4|0x0000000082000000, 0x0000000082000000, 0x0000000082100000|  0%| F|  |TAMS 0x0000000082000000| PB 0x0000000082000000| Untracked |  0
|   5|0x0000000082100000, 0x0000000082100000, 0x0000000082200000|  0%| F|  |TAMS 0x0000000082100000| PB 0x0000000082100000| Untracked |  0
|   6|0x0000000082200000, 0x0000000082200000, 0x0000000082300000|  0%| F|  |TAMS 0x0000000082200000| PB 0x0000000082200000| Untracked |  0
|   7|0x0000000082300000, 0x0000000082300000, 0x0000000082400000|  0%| F|  |TAMS 0x0000000082300000| PB 0x0000000082300000| Untracked |  0
|   8|0x0000000082400000, 0x0000000082400000, 0x0000000082500000|  0%| F|  |TAMS 0x0000000082400000| PB 0x0000000082400000| Untracked |  0
|   9|0x0000000082500000, 0x0000000082500000, 0x0000000082600000|  0%| F|  |TAMS 0x0000000082500000| PB 0x0000000082500000| Untracked |  0
|  10|0x0000000082600000, 0x0000000082600000, 0x0000000082700000|  0%| F|  |TAMS 0x0000000082600000| PB 0x0000000082600000| Untracked |  0
|  11|0x0000000082700000, 0x0000000082700000, 0x0000000082800000|  0%| F|  |TAMS 0x0000000082700000| PB 0x0000000082700000| Untracked |  0
|  12|0x0000000082800000, 0x0000000082800000, 0x0000000082900000|  0%| F|  |TAMS 0x0000000082800000| PB 0x0000000082800000| Untracked |  0
|  13|0x0000000082900000, 0x0000000082900000, 0x0000000082a00000|  0%| F|  |TAMS 0x0000000082900000| PB 0x0000000082900000| Untracked |  0
|  14|0x0000000082a00000, 0x0000000082a00000, 0x0000000082b00000|  0%| F|  |TAMS 0x0000000082a00000| PB 0x0000000082a00000| Untracked |  0
|  15|0x0000000082b00000, 0x0000000082b00000, 0x0000000082c00000|  0%| F|  |TAMS 0x0000000082b00000| PB 0x0000000082b00000| Untracked |  0
|  16|0x0000000082c00000, 0x0000000082c00000, 0x0000000082d00000|  0%| F|  |TAMS 0x0000000082c00000| PB 0x0000000082c00000| Untracked |  0
|  17|0x0000000082d00000, 0x0000000082d00000, 0x0000000082e00000|  0%| F|  |TAMS 0x0000000082d00000| PB 0x0000000082d00000| Untracked |  0
|  18|0x0000000082e00000, 0x0000000082e00000, 0x0000000082f00000|  0%| F|  |TAMS 0x0000000082e00000| PB 0x0000000082e00000| Untracked |  0
|  19|0x0000000082f00000, 0x0000000082f00000, 0x0000000083000000|  0%| F|  |TAMS 0x0000000082f00000| PB 0x0000000082f00000| Untracked |  0
|  20|0x0000000083000000, 0x0000000083000000, 0x0000000083100000|  0%| F|  |TAMS 0x0000000083000000| PB 0x0000000083000000| Untracked |  0
|  21|0x0000000083100000, 0x0000000083100000, 0x0000000083200000|  0%| F|  |TAMS 0x0000000083100000| PB 0x0000000083100000| Untracked |  0
|  22|0x0000000083200000, 0x0000000083200000, 0x0000000083300000|  0%| F|  |TAMS 0x0000000083200000| PB 0x0000000083200000| Untracked |  0
|  23|0x0000000083300000, 0x0000000083300000, 0x0000000083400000|  0%| F|  |TAMS 0x0000000083300000| PB 0x0000000083300000| Untracked |  0
|  24|0x0000000083400000, 0x0000000083400000, 0x0000000083500000|  0%| F|  |TAMS 0x0000000083400000| PB 0x0000000083400000| Untracked |  0
|  25|0x0000000083500000, 0x0000000083500000, 0x0000000083600000|  0%| F|  |TAMS 0x0000000083500000| PB 0x0000000083500000| Untracked |  0
|  26|0x0000000083600000, 0x0000000083600000, 0x0000000083700000|  0%| F|  |TAMS 0x0000000083600000| PB 0x0000000083600000| Untracked |  0
|  27|0x0000000083700000, 0x0000000083700000, 0x0000000083800000|  0%| F|  |TAMS 0x0000000083700000| PB 0x0000000083700000| Untracked |  0
|  28|0x0000000083800000, 0x0000000083800000, 0x0000000083900000|  0%| F|  |TAMS 0x0000000083800000| PB 0x0000000083800000| Untracked |  0
|  29|0x0000000083900000, 0x0000000083900000, 0x0000000083a00000|  0%| F|  |TAMS 0x0000000083900000| PB 0x0000000083900000| Untracked |  0
|  30|0x0000000083a00000, 0x0000000083a00000, 0x0000000083b00000|  0%| F|  |TAMS 0x0000000083a00000| PB 0x0000000083a00000| Untracked |  0
|  31|0x0000000083b00000, 0x0000000083b00000, 0x0000000083c00000|  0%| F|  |TAMS 0x0000000083b00000| PB 0x0000000083b00000| Untracked |  0
|  32|0x0000000083c00000, 0x0000000083c00000, 0x0000000083d00000|  0%| F|  |TAMS 0x0000000083c00000| PB 0x0000000083c00000| Untracked |  0
|  33|0x0000000083d00000, 0x0000000083d00000, 0x0000000083e00000|  0%| F|  |TAMS 0x0000000083d00000| PB 0x0000000083d00000| Untracked |  0
|  34|0x0000000083e00000, 0x0000000083e00000, 0x0000000083f00000|  0%| F|  |TAMS 0x0000000083e00000| PB 0x0000000083e00000| Untracked |  0
|  35|0x0000000083f00000, 0x0000000083f00000, 0x0000000084000000|  0%| F|  |TAMS 0x0000000083f00000| PB 0x0000000083f00000| Untracked |  0
|  36|0x0000000084000000, 0x0000000084000000, 0x0000000084100000|  0%| F|  |TAMS 0x0000000084000000| PB 0x0000000084000000| Untracked |  0
|  37|0x0000000084100000, 0x0000000084100000, 0x0000000084200000|  0%| F|  |TAMS 0x0000000084100000| PB 0x0000000084100000| Untracked |  0
|  38|0x0000000084200000, 0x0000000084200000, 0x0000000084300000|  0%| F|  |TAMS 0x0000000084200000| PB 0x0000000084200000| Untracked |  0
|  39|0x0000000084300000, 0x0000000084300000, 0x0000000084400000|  0%| F|  |TAMS 0x0000000084300000| PB 0x0000000084300000| Untracked |  0
|  40|0x0000000084400000, 0x0000000084400000, 0x0000000084500000|  0%| F|  |TAMS 0x0000000084400000| PB 0x0000000084400000| Untracked |  0
|  41|0x0000000084500000, 0x0000000084500000, 0x0000000084600000|  0%| F|  |TAMS 0x0000000084500000| PB 0x0000000084500000| Untracked |  0
|  42|0x0000000084600000, 0x0000000084600000, 0x0000000084700000|  0%| F|  |TAMS 0x0000000084600000| PB 0x0000000084600000| Untracked |  0
|  43|0x0000000084700000, 0x0000000084700000, 0x0000000084800000|  0%| F|  |TAMS 0x0000000084700000| PB 0x0000000084700000| Untracked |  0
|  44|0x0000000084800000, 0x0000000084800000, 0x0000000084900000|  0%| F|  |TAMS 0x0000000084800000| PB 0x0000000084800000| Untracked |  0
|  45|0x0000000084900000, 0x0000000084900000, 0x0000000084a00000|  0%| F|  |TAMS 0x0000000084900000| PB 0x0000000084900000| Untracked |  0
|  46|0x0000000084a00000, 0x0000000084a00000, 0x0000000084b00000|  0%| F|  |TAMS 0x0000000084a00000| PB 0x0000000084a00000| Untracked |  0
|  47|0x0000000084b00000, 0x0000000084b00000, 0x0000000084c00000|  0%| F|  |TAMS 0x0000000084b00000| PB 0x0000000084b00000| Untracked |  0
|  48|0x0000000084c00000, 0x0000000084c00000, 0x0000000084d00000|  0%| F|  |TAMS 0x0000000084c00000| PB 0x0000000084c00000| Untracked |  0
|  49|0x0000000084d00000, 0x0000000084d00000, 0x0000000084e00000|  0%| F|  |TAMS 0x0000000084d00000| PB 0x0000000084d00000| Untracked |  0
|  50|0x0000000084e00000, 0x0000000084e00000, 0x0000000084f00000|  0%| F|  |TAMS 0x0000000084e00000| PB 0x0000000084e00000| Untracked |  0
|  51|0x0000000084f00000, 0x0000000084f00000, 0x0000000085000000|  0%| F|  |TAMS 0x0000000084f00000| PB 0x0000000084f00000| Untracked |  0
|  52|0x0000000085000000, 0x0000000085000000, 0x0000000085100000|  0%| F|  |TAMS 0x0000000085000000| PB 0x0000000085000000| Untracked |  0
|  53|0x0000000085100000, 0x0000000085100000, 0x0000000085200000|  0%| F|  |TAMS 0x0000000085100000| PB 0x0000000085100000| Untracked |  0
|  54|0x0000000085200000, 0x0000000085200000, 0x0000000085300000|  0%| F|  |TAMS 0x0000000085200000| PB 0x0000000085200000| Untracked |  0
|  55|0x0000000085300000, 0x0000000085300000, 0x0000000085400000|  0%| F|  |TAMS 0x0000000085300000| PB 0x0000000085300000| Untracked |  0
|  56|0x0000000085400000, 0x0000000085400000, 0x0000000085500000|  0%| F|  |TAMS 0x0000000085400000| PB 0x0000000085400000| Untracked |  0
|  57|0x0000000085500000, 0x0000000085500000, 0x0000000085600000|  0%| F|  |TAMS 0x0000000085500000| PB 0x0000000085500000| Untracked |  0
|  58|0x0000000085600000, 0x0000000085600000, 0x0000000085700000|  0%| F|  |TAMS 0x0000000085600000| PB 0x0000000085600000| Untracked |  0
|  59|0x0000000085700000, 0x0000000085700000, 0x0000000085800000|  0%| F|  |TAMS 0x0000000085700000| PB 0x0000000085700000| Untracked |  0
|  60|0x0000000085800000, 0x0000000085800000, 0x0000000085900000|  0%| F|  |TAMS 0x0000000085800000| PB 0x0000000085800000| Untracked |  0
|  61|0x0000000085900000, 0x0000000085900000, 0x0000000085a00000|  0%| F|  |TAMS 0x0000000085900000| PB 0x0000000085900000| Untracked |  0
|  62|0x0000000085a00000, 0x0000000085a00000, 0x0000000085b00000|  0%| F|  |TAMS 0x0000000085a00000| PB 0x0000000085a00000| Untracked |  0
|  63|0x0000000085b00000, 0x0000000085b00000, 0x0000000085c00000|  0%| F|  |TAMS 0x0000000085b00000| PB 0x0000000085b00000| Untracked |  0
|  64|0x0000000085c00000, 0x0000000085c00000, 0x0000000085d00000|  0%| F|  |TAMS 0x0000000085c00000| PB 0x0000000085c00000| Untracked |  0
|  65|0x0000000085d00000, 0x0000000085d00000, 0x0000000085e00000|  0%| F|  |TAMS 0x0000000085d00000| PB 0x0000000085d00000| Untracked |  0
|  66|0x0000000085e00000, 0x0000000085e00000, 0x0000000085f00000|  0%| F|  |TAMS 0x0000000085e00000| PB 0x0000000085e00000| Untracked |  0
|  67|0x0000000085f00000, 0x0000000085f00000, 0x0000000086000000|  0%| F|  |TAMS 0x0000000085f00000| PB 0x0000000085f00000| Untracked |  0
|  68|0x0000000086000000, 0x0000000086000000, 0x0000000086100000|  0%| F|  |TAMS 0x0000000086000000| PB 0x0000000086000000| Untracked |  0
|  69|0x0000000086100000, 0x0000000086100000, 0x0000000086200000|  0%| F|  |TAMS 0x0000000086100000| PB 0x0000000086100000| Untracked |  0
|  70|0x0000000086200000, 0x0000000086200000, 0x0000000086300000|  0%| F|  |TAMS 0x0000000086200000| PB 0x0000000086200000| Untracked |  0
|  71|0x0000000086300000, 0x0000000086300000, 0x0000000086400000|  0%| F|  |TAMS 0x0000000086300000| PB 0x0000000086300000| Untracked |  0
|  72|0x0000000086400000, 0x0000000086400000, 0x0000000086500000|  0%| F|  |TAMS 0x0000000086400000| PB 0x0000000086400000| Untracked |  0
|  73|0x0000000086500000, 0x0000000086500000, 0x0000000086600000|  0%| F|  |TAMS 0x0000000086500000| PB 0x0000000086500000| Untracked |  0
|  74|0x0000000086600000, 0x0000000086600000, 0x0000000086700000|  0%| F|  |TAMS 0x0000000086600000| PB 0x0000000086600000| Untracked |  0
|  75|0x0000000086700000, 0x0000000086700000, 0x0000000086800000|  0%| F|  |TAMS 0x0000000086700000| PB 0x0000000086700000| Untracked |  0
|  76|0x0000000086800000, 0x0000000086800000, 0x0000000086900000|  0%| F|  |TAMS 0x0000000086800000| PB 0x0000000086800000| Untracked |  0
|  77|0x0000000086900000, 0x0000000086900000, 0x0000000086a00000|  0%| F|  |TAMS 0x0000000086900000| PB 0x0000000086900000| Untracked |  0
|  78|0x0000000086a00000, 0x0000000086a00000, 0x0000000086b00000|  0%| F|  |TAMS 0x0000000086a00000| PB 0x0000000086a00000| Untracked |  0
|  79|0x0000000086b00000, 0x0000000086b00000, 0x0000000086c00000|  0%| F|  |TAMS 0x0000000086b00000| PB 0x0000000086b00000| Untracked |  0
|  80|0x0000000086c00000, 0x0000000086c00000, 0x0000000086d00000|  0%| F|  |TAMS 0x0000000086c00000| PB 0x0000000086c00000| Untracked |  0
|  81|0x0000000086d00000, 0x0000000086d00000, 0x0000000086e00000|  0%| F|  |TAMS 0x0000000086d00000| PB 0x0000000086d00000| Untracked |  0
|  82|0x0000000086e00000, 0x0000000086e00000, 0x0000000086f00000|  0%| F|  |TAMS 0x0000000086e00000| PB 0x0000000086e00000| Untracked |  0
|  83|0x0000000086f00000, 0x0000000086f00000, 0x0000000087000000|  0%| F|  |TAMS 0x0000000086f00000| PB 0x0000000086f00000| Untracked |  0
|  84|0x0000000087000000, 0x0000000087000000, 0x0000000087100000|  0%| F|  |TAMS 0x0000000087000000| PB 0x0000000087000000| Untracked |  0
|  85|0x0000000087100000, 0x0000000087100000, 0x0000000087200000|  0%| F|  |TAMS 0x0000000087100000| PB 0x0000000087100000| Untracked |  0
|  86|0x0000000087200000, 0x0000000087200000, 0x0000000087300000|  0%| F|  |TAMS 0x0000000087200000| PB 0x0000000087200000| Untracked |  0
|  87|0x0000000087300000, 0x0000000087300000, 0x0000000087400000|  0%| F|  |TAMS 0x0000000087300000| PB 0x0000000087300000| Untracked |  0
|  88|0x0000000087400000, 0x0000000087400000, 0x0000000087500000|  0%| F|  |TAMS 0x0000000087400000| PB 0x0000000087400000| Untracked |  0
|  89|0x0000000087500000, 0x0000000087500000, 0x0000000087600000|  0%| F|  |TAMS 0x0000000087500000| PB 0x0000000087500000| Untracked |  0
|  90|0x0000000087600000, 0x0000000087600000, 0x0000000087700000|  0%| F|  |TAMS 0x0000000087600000| PB 0x0000000087600000| Untracked |  0
|  91|0x0000000087700000, 0x0000000087700000, 0x0000000087800000|  0%| F|  |TAMS 0x0000000087700000| PB 0x0000000087700000| Untracked |  0
|  92|0x0000000087800000, 0x0000000087800000, 0x0000000087900000|  0%| F|  |TAMS 0x0000000087800000| PB 0x0000000087800000| Untracked |  0
|  93|0x0000000087900000, 0x0000000087900000, 0x0000000087a00000|  0%| F|  |TAMS 0x0000000087900000| PB 0x0000000087900000| Untracked |  0
|  94|0x0000000087a00000, 0x0000000087a00000, 0x0000000087b00000|  0%| F|  |TAMS 0x0000000087a00000| PB 0x0000000087a00000| Untracked |  0
|  95|0x0000000087b00000, 0x0000000087b00000, 0x0000000087c00000|  0%| F|  |TAMS 0x0000000087b00000| PB 0x0000000087b00000| Untracked |  0
|  96|0x0000000087c00000, 0x0000000087c00000, 0x0000000087d00000|  0%| F|  |TAMS 0x0000000087c00000| PB 0x0000000087c00000| Untracked |  0
|  97|0x0000000087d00000, 0x0000000087d00000, 0x0000000087e00000|  0%| F|  |TAMS 0x0000000087d00000| PB 0x0000000087d00000| Untracked |  0
|  98|0x0000000087e00000, 0x0000000087e00000, 0x0000000087f00000|  0%| F|  |TAMS 0x0000000087e00000| PB 0x0000000087e00000| Untracked |  0
|  99|0x0000000087f00000, 0x0000000087f00000, 0x0000000088000000|  0%| F|  |TAMS 0x0000000087f00000| PB 0x0000000087f00000| Untracked |  0
| 100|0x0000000088000000, 0x0000000088000000, 0x0000000088100000|  0%| F|  |TAMS 0x0000000088000000| PB 0x0000000088000000| Untracked |  0
| 101|0x0000000088100000, 0x0000000088100000, 0x0000000088200000|  0%| F|  |TAMS 0x0000000088100000| PB 0x0000000088100000| Untracked |  0
| 102|0x0000000088200000, 0x0000000088200000, 0x0000000088300000|  0%| F|  |TAMS 0x0000000088200000| PB 0x0000000088200000| Untracked |  0
| 103|0x0000000088300000, 0x0000000088300000, 0x0000000088400000|  0%| F|  |TAMS 0x0000000088300000| PB 0x0000000088300000| Untracked |  0
| 104|0x0000000088400000, 0x0000000088400000, 0x0000000088500000|  0%| F|  |TAMS 0x0000000088400000| PB 0x0000000088400000| Untracked |  0
| 105|0x0000000088500000, 0x0000000088500000, 0x0000000088600000|  0%| F|  |TAMS 0x0000000088500000| PB 0x0000000088500000| Untracked |  0
| 106|0x0000000088600000, 0x0000000088600000, 0x0000000088700000|  0%| F|  |TAMS 0x0000000088600000| PB 0x0000000088600000| Untracked |  0
| 107|0x0000000088700000, 0x0000000088700000, 0x0000000088800000|  0%| F|  |TAMS 0x0000000088700000| PB 0x0000000088700000| Untracked |  0
| 108|0x0000000088800000, 0x0000000088800000, 0x0000000088900000|  0%| F|  |TAMS 0x0000000088800000| PB 0x0000000088800000| Untracked |  0
| 109|0x0000000088900000, 0x0000000088900000, 0x0000000088a00000|  0%| F|  |TAMS 0x0000000088900000| PB 0x0000000088900000| Untracked |  0
| 110|0x0000000088a00000, 0x0000000088a00000, 0x0000000088b00000|  0%| F|  |TAMS 0x0000000088a00000| PB 0x0000000088a00000| Untracked |  0
| 111|0x0000000088b00000, 0x0000000088b00000, 0x0000000088c00000|  0%| F|  |TAMS 0x0000000088b00000| PB 0x0000000088b00000| Untracked |  0
| 112|0x0000000088c00000, 0x0000000088c00000, 0x0000000088d00000|  0%| F|  |TAMS 0x0000000088c00000| PB 0x0000000088c00000| Untracked |  0
| 113|0x0000000088d00000, 0x0000000088d00000, 0x0000000088e00000|  0%| F|  |TAMS 0x0000000088d00000| PB 0x0000000088d00000| Untracked |  0
| 114|0x0000000088e00000, 0x0000000088e00000, 0x0000000088f00000|  0%| F|  |TAMS 0x0000000088e00000| PB 0x0000000088e00000| Untracked |  0
| 115|0x0000000088f00000, 0x0000000088f00000, 0x0000000089000000|  0%| F|  |TAMS 0x0000000088f00000| PB 0x0000000088f00000| Untracked |  0
| 116|0x0000000089000000, 0x0000000089000000, 0x0000000089100000|  0%| F|  |TAMS 0x0000000089000000| PB 0x0000000089000000| Untracked |  0
| 117|0x0000000089100000, 0x0000000089100000, 0x0000000089200000|  0%| F|  |TAMS 0x0000000089100000| PB 0x0000000089100000| Untracked |  0
| 118|0x0000000089200000, 0x0000000089200000, 0x0000000089300000|  0%| F|  |TAMS 0x0000000089200000| PB 0x0000000089200000| Untracked |  0
| 119|0x0000000089300000, 0x0000000089300000, 0x0000000089400000|  0%| F|  |TAMS 0x0000000089300000| PB 0x0000000089300000| Untracked |  0
| 120|0x0000000089400000, 0x0000000089400000, 0x0000000089500000|  0%| F|  |TAMS 0x0000000089400000| PB 0x0000000089400000| Untracked |  0
| 121|0x0000000089500000, 0x0000000089500000, 0x0000000089600000|  0%| F|  |TAMS 0x0000000089500000| PB 0x0000000089500000| Untracked |  0
| 122|0x0000000089600000, 0x0000000089600000, 0x0000000089700000|  0%| F|  |TAMS 0x0000000089600000| PB 0x0000000089600000| Untracked |  0
| 123|0x0000000089700000, 0x0000000089700000, 0x0000000089800000|  0%| F|  |TAMS 0x0000000089700000| PB 0x0000000089700000| Untracked |  0
| 124|0x0000000089800000, 0x0000000089800000, 0x0000000089900000|  0%| F|  |TAMS 0x0000000089800000| PB 0x0000000089800000| Untracked |  0
| 125|0x0000000089900000, 0x000000008997ae30, 0x0000000089a00000| 48%| E|  |TAMS 0x0000000089900000| PB 0x0000000089900000| Complete |  0
| 126|0x0000000089a00000, 0x0000000089b00000, 0x0000000089b00000|100%| E|CS|TAMS 0x0000000089a00000| PB 0x0000000089a00000| Complete |  0
| 127|0x0000000089b00000, 0x0000000089c00000, 0x0000000089c00000|100%| E|CS|TAMS 0x0000000089b00000| PB 0x0000000089b00000| Complete |  0

Card table byte_map: [0x0000024d0f400000,0x0000024d0f800000] _byte_map_base: 0x0000024d0eff2000

Marking Bits: (CMBitMap*) 0x0000024d774cf6b0
 Bits: [0x0000024d0f800000, 0x0000024d11790000)

Polling page: 0x0000024d76c40000

Metaspace:

Usage:
  Non-class:      5.63 MB used.
      Class:    545.41 KB used.
       Both:      6.16 MB used.

Virtual space:
  Non-class space:       64.00 MB reserved,       5.69 MB (  9%) committed,  1 nodes.
      Class space:        1.00 GB reserved,     576.00 KB ( <1%) committed,  1 nodes.
             Both:        1.06 GB reserved,       6.25 MB ( <1%) committed. 

Chunk freelists:
   Non-Class:  10.25 MB
       Class:  15.25 MB
        Both:  25.50 MB

MaxMetaspaceSize: unlimited
CompressedClassSpaceSize: 1.00 GB
Initial GC threshold: 21.00 MB
Current GC threshold: 21.00 MB
CDS: off
 - commit_granule_bytes: 65536.
 - commit_granule_words: 8192.
 - virtual_space_node_default_size: 8388608.
 - enlarge_chunks_in_place: 1.
 - use_allocation_guard: 0.


Internal statistics:

num_allocs_failed_limit: 0.
num_arena_births: 6.
num_arena_deaths: 0.
num_vsnodes_births: 2.
num_vsnodes_deaths: 0.
num_space_committed: 100.
num_space_uncommitted: 0.
num_chunks_returned_to_freelist: 0.
num_chunks_taken_from_freelist: 17.
num_chunk_merges: 0.
num_chunk_splits: 7.
num_chunks_enlarged: 2.
num_inconsistent_stats: 0.

CodeHeap 'non-profiled nmethods': size=120064Kb used=60Kb max_used=60Kb free=120003Kb
 bounds [0x0000024d07ac0000, 0x0000024d07d30000, 0x0000024d0f000000]
CodeHeap 'profiled nmethods': size=120000Kb used=161Kb max_used=161Kb free=119838Kb
 bounds [0x0000024d00000000, 0x0000024d00270000, 0x0000024d07530000]
CodeHeap 'non-nmethods': size=5696Kb used=1259Kb max_used=1273Kb free=4436Kb
 bounds [0x0000024d07530000, 0x0000024d077a0000, 0x0000024d07ac0000]
CodeCache: size=245760Kb, used=1480Kb, max_used=1494Kb, free=244277Kb
 total_blobs=582, nmethods=197, adapters=291, full_count=0
Compilation: enabled, stopped_count=0, restarted_count=0

Compilation events (20 events):
Event: 0.249 Thread 0x0000024d14196890  193       3       java.util.Arrays::copyOfRange (82 bytes)
Event: 0.250 Thread 0x0000024d14195640 nmethod 184 0x0000024d07acde88 code [0x0000024d07acdfa0, 0x0000024d07ace078]
Event: 0.250 Thread 0x0000024d14196890 nmethod 193 0x0000024d00026e08 code [0x0000024d00027000, 0x0000024d00027a58]
Event: 0.250 Thread 0x0000024d14196890  196       3       java.lang.module.ResolvedModule::hashCode (16 bytes)
Event: 0.250 Thread 0x0000024d14195640  192       4       java.util.HashMap::putVal (300 bytes)
Event: 0.250 Thread 0x0000024d14196890 nmethod 196 0x0000024d00027b08 code [0x0000024d00027c40, 0x0000024d00027e60]
Event: 0.250 Thread 0x0000024d14196890  191       3       java.util.ImmutableCollections$Set12::iterator (9 bytes)
Event: 0.250 Thread 0x0000024d14196890 nmethod 191 0x0000024d00027f08 code [0x0000024d00028040, 0x0000024d00028310]
Event: 0.250 Thread 0x0000024d14196890  186       3       java.util.AbstractSet::<init> (5 bytes)
Event: 0.250 Thread 0x0000024d14196890 nmethod 186 0x0000024d00028388 code [0x0000024d000284a0, 0x0000024d00028668]
Event: 0.250 Thread 0x0000024d14196890  185       1       java.lang.module.ModuleDescriptor::uses (5 bytes)
Event: 0.250 Thread 0x0000024d14196890 nmethod 185 0x0000024d07ace188 code [0x0000024d07ace2a0, 0x0000024d07ace368]
Event: 0.250 Thread 0x0000024d14196890  197       1       java.util.KeyValueHolder::getKey (5 bytes)
Event: 0.250 Thread 0x0000024d14196890 nmethod 197 0x0000024d07ace488 code [0x0000024d07ace5a0, 0x0000024d07ace668]
Event: 0.250 Thread 0x0000024d14196890  198       1       java.util.KeyValueHolder::getValue (5 bytes)
Event: 0.250 Thread 0x0000024d14196890 nmethod 198 0x0000024d07ace788 code [0x0000024d07ace8a0, 0x0000024d07ace968]
Event: 0.250 Thread 0x0000024d14196890  199       1       java.lang.module.ModuleDescriptor::packages (5 bytes)
Event: 0.250 Thread 0x0000024d14196890 nmethod 199 0x0000024d07acea88 code [0x0000024d07aceba0, 0x0000024d07acec68]
Event: 0.250 Thread 0x0000024d14196890  200       1       java.lang.module.ResolvedModule::reference (5 bytes)
Event: 0.250 Thread 0x0000024d14196890 nmethod 200 0x0000024d07aced88 code [0x0000024d07aceea0, 0x0000024d07acef68]

GC Heap History (0 events):
No events

Dll operation events (4 events):
Event: 0.008 Loaded shared library C:\Program Files\Java\jdk-23\bin\java.dll
Event: 0.105 Loaded shared library C:\Program Files\Java\jdk-23\bin\jsvml.dll
Event: 0.238 Loaded shared library C:\Program Files\Java\jdk-23\bin\net.dll
Event: 0.239 Loaded shared library C:\Program Files\Java\jdk-23\bin\nio.dll

Deoptimization events (0 events):
No events

Classes loaded (20 events):
Event: 0.243 Loading class java/util/HashMap$KeySpliterator
Event: 0.243 Loading class java/util/HashMap$KeySpliterator done
Event: 0.243 Loading class java/util/Collections$UnmodifiableCollection$1
Event: 0.243 Loading class java/util/Collections$UnmodifiableCollection$1 done
Event: 0.243 Loading class java/lang/ModuleLayer
Event: 0.243 Loading class java/lang/ModuleLayer done
Event: 0.243 Loading class java/util/LinkedHashSet
Event: 0.244 Loading class java/util/SequencedSet
Event: 0.244 Loading class java/util/SequencedSet done
Event: 0.244 Loading class java/util/LinkedHashSet done
Event: 0.244 Loading class java/util/LinkedHashMap
Event: 0.244 Loading class java/util/SequencedMap
Event: 0.244 Loading class java/util/SequencedMap done
Event: 0.244 Loading class java/util/LinkedHashMap done
Event: 0.245 Loading class jdk/internal/module/ModuleReferenceImpl$CachedHash
Event: 0.245 Loading class jdk/internal/module/ModuleReferenceImpl$CachedHash done
Event: 0.245 Loading class java/lang/module/ResolvedModule
Event: 0.245 Loading class java/lang/module/ResolvedModule done
Event: 0.250 Loading class jdk/internal/module/ModuleLoaderMap$Mapper
Event: 0.250 Loading class jdk/internal/module/ModuleLoaderMap$Mapper done

Classes unloaded (0 events):
No events

Classes redefined (0 events):
No events

Internal exceptions (3 events):
Event: 0.241 Thread 0x0000024d7520cbc0 Exception <a 'sun/nio/fs/WindowsException'{0x0000000089a60078}> (0x0000000089a60078) 
thrown [s\open\src\hotspot\share\prims\jni.cpp, line 520]
Event: 0.242 Thread 0x0000024d7520cbc0 Exception <a 'sun/nio/fs/WindowsException'{0x0000000089a62648}> (0x0000000089a62648) 
thrown [s\open\src\hotspot\share\prims\jni.cpp, line 520]
Event: 0.242 Thread 0x0000024d7520cbc0 Exception <a 'sun/nio/fs/WindowsException'{0x0000000089a63118}> (0x0000000089a63118) 
thrown [s\open\src\hotspot\share\prims\jni.cpp, line 520]

VM Operations (2 events):
Event: 0.244 Executing VM operation: HandshakeAllThreads (Deoptimize)
Event: 0.244 Executing VM operation: HandshakeAllThreads (Deoptimize) done

Memory protections (0 events):
No events

Nmethod flushes (0 events):
No events

Events (10 events):
Event: 0.012 Thread 0x0000024d7520cbc0 Thread added: 0x0000024d7520cbc0
Event: 0.101 Thread 0x0000024d7520cbc0 Thread added: 0x0000024d141a9bc0
Event: 0.101 Thread 0x0000024d7520cbc0 Thread added: 0x0000024d14168c20
Event: 0.103 Thread 0x0000024d7520cbc0 Thread added: 0x0000024d1419e490
Event: 0.103 Thread 0x0000024d7520cbc0 Thread added: 0x0000024d1419eef0
Event: 0.103 Thread 0x0000024d7520cbc0 Thread added: 0x0000024d1419f950
Event: 0.103 Thread 0x0000024d7520cbc0 Thread added: 0x0000024d141a03b0
Event: 0.103 Thread 0x0000024d7520cbc0 Thread added: 0x0000024d14195640
Event: 0.103 Thread 0x0000024d7520cbc0 Thread added: 0x0000024d14196890
Event: 0.211 Thread 0x0000024d7520cbc0 Thread added: 0x0000024d14334f00


Dynamic libraries:
0x00007ff6f7360000 - 0x00007ff6f7370000 	C:\Program Files\Java\jdk-23\bin\java.exe
0x00007fffa10d0000 - 0x00007fffa12e7000 	C:\Windows\SYSTEM32\ntdll.dll
0x00007fff9f0c0000 - 0x00007fff9f184000 	C:\Windows\System32\KERNEL32.DLL
0x00007fff9e780000 - 0x00007fff9eb37000 	C:\Windows\System32\KERNELBASE.dll
0x00007fff9ec60000 - 0x00007fff9ed71000 	C:\Windows\System32\ucrtbase.dll
0x00007fff71350000 - 0x00007fff7136b000 	C:\Program Files\Java\jdk-23\bin\VCRUNTIME140.dll
0x00007fff9b1c0000 - 0x00007fff9b1d7000 	C:\Program Files\Java\jdk-23\bin\jli.dll
0x00007fffa0ed0000 - 0x00007fffa107f000 	C:\Windows\System32\USER32.dll
0x00007fff9e680000 - 0x00007fff9e6a6000 	C:\Windows\System32\win32u.dll
0x00007fff9f010000 - 0x00007fff9f039000 	C:\Windows\System32\GDI32.dll
0x00007fff894f0000 - 0x00007fff89783000 	C:\Windows\WinSxS\amd64_microsoft.windows.common-controls_6595b64144ccf1df_6.0.22621.3672_none_2713b9d173822955\COMCTL32.dll
0x00007fff9eb40000 - 0x00007fff9ec58000 	C:\Windows\System32\gdi32full.dll
0x00007fffa07e0000 - 0x00007fffa0887000 	C:\Windows\System32\msvcrt.dll
0x00007fff9e6e0000 - 0x00007fff9e77a000 	C:\Windows\System32\msvcp_win.dll
0x00007fffa0450000 - 0x00007fffa0481000 	C:\Windows\System32\IMM32.DLL
0x00007fff94e10000 - 0x00007fff94e1c000 	C:\Program Files\Java\jdk-23\bin\vcruntime140_1.dll
0x00007fff2f040000 - 0x00007fff2f0ce000 	C:\Program Files\Java\jdk-23\bin\msvcp140.dll
0x00007fff2f340000 - 0x00007fff3008f000 	C:\Program Files\Java\jdk-23\bin\server\jvm.dll
0x00007fff9fca0000 - 0x00007fff9fd52000 	C:\Windows\System32\ADVAPI32.dll
0x00007fffa03a0000 - 0x00007fffa0448000 	C:\Windows\System32\sechost.dll
0x00007fff9e6b0000 - 0x00007fff9e6d8000 	C:\Windows\System32\bcrypt.dll
0x00007fff9fb60000 - 0x00007fff9fc74000 	C:\Windows\System32\RPCRT4.dll
0x00007fff9f040000 - 0x00007fff9f0b1000 	C:\Windows\System32\WS2_32.dll
0x00007fff9e2b0000 - 0x00007fff9e2fd000 	C:\Windows\SYSTEM32\POWRPROF.dll
0x00007fff99a00000 - 0x00007fff99a34000 	C:\Windows\SYSTEM32\WINMM.dll
0x00007fff99dd0000 - 0x00007fff99dda000 	C:\Windows\SYSTEM32\VERSION.dll
0x00007fff9e1e0000 - 0x00007fff9e1f3000 	C:\Windows\SYSTEM32\UMPDC.dll
0x00007fff9d430000 - 0x00007fff9d448000 	C:\Windows\SYSTEM32\kernel.appcore.dll
0x00007fff7c950000 - 0x00007fff7c95a000 	C:\Program Files\Java\jdk-23\bin\jimage.dll
0x00007fff9bed0000 - 0x00007fff9c102000 	C:\Windows\SYSTEM32\DBGHELP.DLL
0x00007fffa0b40000 - 0x00007fffa0ece000 	C:\Windows\System32\combase.dll
0x00007fffa04f0000 - 0x00007fffa05c7000 	C:\Windows\System32\OLEAUT32.dll
0x00007fff94fd0000 - 0x00007fff95002000 	C:\Windows\SYSTEM32\dbgcore.DLL
0x00007fff9ed80000 - 0x00007fff9edfb000 	C:\Windows\System32\bcryptPrimitives.dll
0x00007fff477b0000 - 0x00007fff477ce000 	C:\Program Files\Java\jdk-23\bin\java.dll
0x00007fffa0890000 - 0x00007fffa0a35000 	C:\Windows\System32\ole32.dll
0x00007fff9f2f0000 - 0x00007fff9fb59000 	C:\Windows\System32\SHELL32.dll
0x00007fff9c350000 - 0x00007fff9cc4f000 	C:\Windows\SYSTEM32\windows.storage.dll
0x00007fff9c210000 - 0x00007fff9c34f000 	C:\Windows\SYSTEM32\wintypes.dll
0x00007fffa0a40000 - 0x00007fffa0b39000 	C:\Windows\System32\SHCORE.dll
0x00007fff9ef30000 - 0x00007fff9ef8e000 	C:\Windows\System32\shlwapi.dll
0x00007fff9e310000 - 0x00007fff9e337000 	C:\Windows\SYSTEM32\profapi.dll
0x00007fff2f260000 - 0x00007fff2f337000 	C:\Program Files\Java\jdk-23\bin\jsvml.dll
0x00007fff7b520000 - 0x00007fff7b530000 	C:\Program Files\Java\jdk-23\bin\net.dll
0x00007fff9d8a0000 - 0x00007fff9d909000 	C:\Windows\system32\mswsock.dll
0x00007fff42960000 - 0x00007fff42976000 	C:\Program Files\Java\jdk-23\bin\nio.dll

dbghelp: loaded successfully - version: 4.0.5 - missing functions: none
symbol engine: initialized successfully - sym options: 0x614 - pdb path: .;C:\Program Files\Java\jdk-23\bin;C:\Windows\SYSTEM32;C:\Windows\WinSxS\amd64_microsoft.windows.common-controls_6595b64144ccf1df_6.0.22621.3672_none_2713b9d173822955;C:\Program Files\Java\jdk-23\bin\server

VM Arguments:
jvm_args: -Dfile.encoding=UTF-8 --module-path=C:\Users\HP\Documents\NetBeansProjects\ATM Simulator System\build\classes 
java_command: atm.simulator.system.Transactions
java_class_path (initial): C:\Users\HP\Downloads\jcalendar-tz-1.3.3-4.jar;C:\Users\HP\Downloads\mysql-connector-java-8.0.28.jar;C:\Users\HP\Documents\NetBeansProjects\ATM Simulator System\build\classes
Launcher Type: SUN_STANDARD

[Global flags]
     intx CICompilerCount                          = 4                                         {product} {ergonomic}
     uint ConcGCThreads                            = 2                                         {product} {ergonomic}
     uint G1ConcRefinementThreads                  = 8                                         {product} {ergonomic}
   size_t G1HeapRegionSize                         = 1048576                                   {product} {ergonomic}
   size_t InitialHeapSize                          = 134217728                                 {product} {ergonomic}
   size_t MarkStackSize                            = 4194304                                   {product} {ergonomic}
   size_t MarkStackSizeMax                         = 536870912                                 {product} {ergonomic}
   size_t MaxHeapSize                              = 2118123520                                {product} {ergonomic}
   size_t MaxNewSize                               = 1270874112                                {product} {ergonomic}
   size_t MinHeapDeltaBytes                        = 1048576                                   {product} {ergonomic}
   size_t MinHeapSize                              = 8388608                                   {product} {ergonomic}
    uintx NonNMethodCodeHeapSize                   = 5832704                                {pd product} {ergonomic}
    uintx NonProfiledCodeHeapSize                  = 122945536                              {pd product} {ergonomic}
    uintx ProfiledCodeHeapSize                     = 122880000                              {pd product} {ergonomic}
    uintx ReservedCodeCacheSize                    = 251658240                              {pd product} {ergonomic}
     bool SegmentedCodeCache                       = true                                      {product} {ergonomic}
   size_t SoftMaxHeapSize                          = 2118123520                             {manageable} {ergonomic}
     bool UseCompressedOops                        = true                           {product lp64_product} {ergonomic}
     bool UseG1GC                                  = true                                      {product} {ergonomic}
     bool UseLargePagesIndividualAllocation        = false                                  {pd product} {ergonomic}

Logging:
Log output configuration:
 #0: stdout all=warning uptime,level,tags foldmultilines=false
 #1: stderr all=off uptime,level,tags foldmultilines=false

Environment Variables:
PATH=C:\Program Files\Common Files\Oracle\Java\javapath;C:\Windows\system32;C:\Windows;C:\Windows\System32\Wbem;C:\Windows\System32\WindowsPowerShell\v1.0\;C:\Windows\System32\OpenSSH\;C:\MinGW\bin;C:\Program Files\Java\jdk-23\bin;C:\Program Files\MySQL\MySQL Shell 8.0\bin\;C:\Users\HP\AppData\Local\Microsoft\WindowsApps;C:\Users\HP\AppData\Local\Programs\Microsoft VS Code\bin
USERNAME=HP
OS=Windows_NT
PROCESSOR_IDENTIFIER=Intel64 Family 6 Model 142 Stepping 12, GenuineIntel
TMP=C:\Users\HP\AppData\Local\Temp
TEMP=C:\Users\HP\AppData\Local\Temp




Periodic native trim disabled

---------------  S Y S T E M  ---------------

OS:
 Windows 11 , 64 bit Build 22621 (10.0.22621.3958)
OS uptime: 3 days 1:50 hours

CPU: total 8 (initial active 8) (4 cores per cpu, 2 threads per core) family 6 model 142 stepping 12 microcode 0xde, cx8, cmov, fxsr, ht, mmx, 3dnowpref, sse, sse2, sse3, ssse3, sse4.1, sse4.2, popcnt, lzcnt, tsc, tscinvbit, avx, avx2, aes, erms, clmul, bmi1, bmi2, adx, fma, vzeroupper, clflush, clflushopt, rdtscp, f16c
Processor Information for the first 8 processors :
  Max Mhz: 1800, Current Mhz: 1600, Mhz Limit: 1584

Memory: 4k page, system-wide physical 8078M (876M free)
TotalPageFile size 32654M (AvailPageFile size 0M)
current process WorkingSet (physical memory assigned to process): 33M, peak: 33M
current process commit charge ("private bytes"): 205M, peak: 205M

vm_info: Java HotSpot(TM) 64-Bit Server VM (23.0.1+11-39) for windows-amd64 JRE (23.0.1+11-39), built on 2024-09-30T07:20:43Z with MS VC++ 17.6 (VS2022)

END.
