#
# There is insufficient memory for the Java Runtime Environment to continue.
# Native memory allocation (mmap) failed to map 134217728 bytes. Error detail: G1 virtual space
# Possible reasons:
#   The system is out of physical RAM or swap space
#   This process is running with CompressedOops enabled, and the Java Heap may be blocking the growth of the native heap
# Possible solutions:
#   Reduce memory load on the system
#   Increase physical memory or swap space
#   Check if swap backing store is full
#   Decrease Java heap size (-Xmx/-Xms)
#   Decrease number of Java threads
#   Decrease Java thread stack sizes (-Xss)
#   Set larger code cache with -XX:ReservedCodeCacheSize=
#   JVM is running with Unscaled Compressed Oops mode in which the Java heap is
#     placed in the first 4GB address space. The Java Heap base address is the
#     maximum limit for the native heap growth. Please use -XX:HeapBaseMinAddress
#     to set the Java Heap base and to place the Java Heap above 4GB virtual address.
# This output file may be truncated or incomplete.
#
#  Out of Memory Error (os_windows.cpp:3703), pid=28448, tid=24968
#
# JRE version:  (23.0.1+11) (build )
# Java VM: Java HotSpot(TM) 64-Bit Server VM (23.0.1+11-39, mixed mode, sharing, tiered, compressed oops, compressed class ptrs, g1 gc, windows-amd64)
# No core dump will be written. Minidumps are not enabled by default on client versions of Windows
#

---------------  S U M M A R Y ------------

Command Line: -Dfile.encoding=UTF-8 --module-path=C:\Users\HP\Documents\NetBeansProjects\ATM Simulator System\build\classes atm.simulator.system.Transactions

Host: Intel(R) Core(TM) i5-8265U CPU @ 1.60GHz, 8 cores, 7G,  Windows 11 , 64 bit Build 22621 (10.0.22621.3958)
Time: Fri Nov  8 20:06:59 2024 India Standard Time elapsed time: 0.019933 seconds (0d 0h 0m 0s)

---------------  T H R E A D  ---------------

Current thread (0x000002cd50b3d9c0):  JavaThread "Unknown thread" [_thread_in_vm, id=24968, stack(0x000000dd7de00000,0x000000dd7df00000) (1024K)]

Stack: [0x000000dd7de00000,0x000000dd7df00000]
Native frames: (J=compiled Java code, j=interpreted, Vv=VM code, C=native code)
V  [jvm.dll+0x6e08b9]  (no source info available)
V  [jvm.dll+0x87dc83]  (no source info available)
V  [jvm.dll+0x88010e]  (no source info available)
V  [jvm.dll+0x8807e3]  (no source info available)
V  [jvm.dll+0x27aee6]  (no source info available)
V  [jvm.dll+0x6dd1c5]  (no source info available)
V  [jvm.dll+0x6d104a]  (no source info available)
V  [jvm.dll+0x35b3ea]  (no source info available)
V  [jvm.dll+0x3637f6]  (no source info available)
V  [jvm.dll+0x34fd5e]  (no source info available)
V  [jvm.dll+0x34fff8]  (no source info available)
V  [jvm.dll+0x3289cc]  (no source info available)
V  [jvm.dll+0x32966e]  (no source info available)
V  [jvm.dll+0x844355]  (no source info available)
V  [jvm.dll+0x3b9848]  (no source info available)
V  [jvm.dll+0x82d14c]  (no source info available)
V  [jvm.dll+0x454d4e]  (no source info available)
V  [jvm.dll+0x456bd1]  (no source info available)
C  [jli.dll+0x52a3]  (no source info available)
C  [ucrtbase.dll+0x29333]  (no source info available)
C  [KERNEL32.DLL+0x1257d]  (no source info available)
C  [ntdll.dll+0x5af08]  (no source info available)

Lock stack of current Java thread (top to bottom):


---------------  P R O C E S S  ---------------

Threads class SMR info:
_java_thread_list=0x00007fff2ff33618, length=0, elements={
}

Java Threads: ( => current thread )
Total: 0

Other Threads:
  0x000002cd52e1f7e0 WorkerThread "GC Thread#0"                     [id=7852, stack(0x000000dd7df00000,0x000000dd7e000000) (1024K)]
  0x000002cd52e34600 ConcurrentGCThread "G1 Main Marker"            [id=25312, stack(0x000000dd7e000000,0x000000dd7e100000) (1024K)]
  0x000002cd52e358b0 WorkerThread "G1 Conc#0"                       [id=27896, stack(0x000000dd7e100000,0x000000dd7e200000) (1024K)]

[error occurred during error reporting (printing all threads), id 0xc0000005, EXCEPTION_ACCESS_VIOLATION (0xc0000005) at pc=0x00007fff2f67bfba]
VM state: not at safepoint (not fully initialized)

VM Mutex/Monitor currently owned by a thread:  ([mutex/lock_event])
[0x00007fff2ffb3a10] Heap_lock - owner thread: 0x000002cd50b3d9c0

Heap address: 0x0000000081c00000, size: 2020 MB, Compressed Oops mode: 32-bit

CDS archive(s) mapped at: [0x0000000000000000-0x0000000000000000-0x0000000000000000), size 0, SharedBaseAddress: 0x0000000800000000, ArchiveRelocationMode: 1.
Narrow klass base: 0x0000000000000000, Narrow klass shift: 0, Narrow klass range: 0x0

GC Precious Log:
 CardTable entry size: 512
 Card Set container configuration: InlinePtr #cards 5 size 8 Array Of Cards #cards 10 size 36 Howl #buckets 4 coarsen threshold 1843 Howl Bitmap #cards 512 size 80 coarsen threshold 460 Card regions per heap region 1 cards per card region 2048

Heap:
 garbage-first heap   total reserved 2068480K, committed 0K, used 0K [0x0000000081c00000, 0x0000000100000000)
  region size 1024K, 0 young (0K), 0 survivors (0K)

[error occurred during error reporting (printing heap information), id 0xc0000005, EXCEPTION_ACCESS_VIOLATION (0xc0000005) at pc=0x00007fff2fa7c3c9]
GC Heap History (0 events):
No events

Dll operation events (1 events):
Event: 0.015 Loaded shared library C:\Program Files\Java\jdk-23\bin\java.dll

Deoptimization events (0 events):
No events

Classes loaded (0 events):
No events

Classes unloaded (0 events):
No events

Classes redefined (0 events):
No events

Internal exceptions (0 events):
No events

VM Operations (0 events):
No events

Memory protections (0 events):
No events

Nmethod flushes (0 events):
No events

Events (0 events):
No events


Dynamic libraries:
0x00007ff6f7360000 - 0x00007ff6f7370000 	C:\Program Files\Java\jdk-23\bin\java.exe
0x00007fffa10d0000 - 0x00007fffa12e7000 	C:\Windows\SYSTEM32\ntdll.dll
0x00007fff9f0c0000 - 0x00007fff9f184000 	C:\Windows\System32\KERNEL32.DLL
0x00007fff9e780000 - 0x00007fff9eb37000 	C:\Windows\System32\KERNELBASE.dll
0x00007fff9ec60000 - 0x00007fff9ed71000 	C:\Windows\System32\ucrtbase.dll
0x00007fff71350000 - 0x00007fff7136b000 	C:\Program Files\Java\jdk-23\bin\VCRUNTIME140.dll
0x00007fff9b1c0000 - 0x00007fff9b1d7000 	C:\Program Files\Java\jdk-23\bin\jli.dll
0x00007fffa0ed0000 - 0x00007fffa107f000 	C:\Windows\System32\USER32.dll
0x00007fff9e680000 - 0x00007fff9e6a6000 	C:\Windows\System32\win32u.dll
0x00007fff894f0000 - 0x00007fff89783000 	C:\Windows\WinSxS\amd64_microsoft.windows.common-controls_6595b64144ccf1df_6.0.22621.3672_none_2713b9d173822955\COMCTL32.dll
0x00007fffa07e0000 - 0x00007fffa0887000 	C:\Windows\System32\msvcrt.dll
0x00007fff9f010000 - 0x00007fff9f039000 	C:\Windows\System32\GDI32.dll
0x00007fff9eb40000 - 0x00007fff9ec58000 	C:\Windows\System32\gdi32full.dll
0x00007fff9e6e0000 - 0x00007fff9e77a000 	C:\Windows\System32\msvcp_win.dll
0x00007fffa0450000 - 0x00007fffa0481000 	C:\Windows\System32\IMM32.DLL
0x00007fff94e10000 - 0x00007fff94e1c000 	C:\Program Files\Java\jdk-23\bin\vcruntime140_1.dll
0x00007fff2f040000 - 0x00007fff2f0ce000 	C:\Program Files\Java\jdk-23\bin\msvcp140.dll
0x00007fff2f340000 - 0x00007fff3008f000 	C:\Program Files\Java\jdk-23\bin\server\jvm.dll
0x00007fff9fca0000 - 0x00007fff9fd52000 	C:\Windows\System32\ADVAPI32.dll
0x00007fffa03a0000 - 0x00007fffa0448000 	C:\Windows\System32\sechost.dll
0x00007fff9e6b0000 - 0x00007fff9e6d8000 	C:\Windows\System32\bcrypt.dll
0x00007fff9fb60000 - 0x00007fff9fc74000 	C:\Windows\System32\RPCRT4.dll
0x00007fff9f040000 - 0x00007fff9f0b1000 	C:\Windows\System32\WS2_32.dll
0x00007fff9e2b0000 - 0x00007fff9e2fd000 	C:\Windows\SYSTEM32\POWRPROF.dll
0x00007fff99a00000 - 0x00007fff99a34000 	C:\Windows\SYSTEM32\WINMM.dll
0x00007fff99dd0000 - 0x00007fff99dda000 	C:\Windows\SYSTEM32\VERSION.dll
0x00007fff9e1e0000 - 0x00007fff9e1f3000 	C:\Windows\SYSTEM32\UMPDC.dll
0x00007fff9d430000 - 0x00007fff9d448000 	C:\Windows\SYSTEM32\kernel.appcore.dll
0x00007fff7c950000 - 0x00007fff7c95a000 	C:\Program Files\Java\jdk-23\bin\jimage.dll
0x00007fff9bed0000 - 0x00007fff9c102000 	C:\Windows\SYSTEM32\DBGHELP.DLL
0x00007fffa0b40000 - 0x00007fffa0ece000 	C:\Windows\System32\combase.dll
0x00007fffa04f0000 - 0x00007fffa05c7000 	C:\Windows\System32\OLEAUT32.dll
0x00007fff94fd0000 - 0x00007fff95002000 	C:\Windows\SYSTEM32\dbgcore.DLL
0x00007fff9ed80000 - 0x00007fff9edfb000 	C:\Windows\System32\bcryptPrimitives.dll
0x00007fff477b0000 - 0x00007fff477ce000 	C:\Program Files\Java\jdk-23\bin\java.dll
0x00007fffa0890000 - 0x00007fffa0a35000 	C:\Windows\System32\ole32.dll
0x00007fff9f2f0000 - 0x00007fff9fb59000 	C:\Windows\System32\SHELL32.dll

dbghelp: loaded successfully - version: 4.0.5 - missing functions: none
symbol engine: initialized successfully - sym options: 0x614 - pdb path: .;C:\Program Files\Java\jdk-23\bin;C:\Windows\SYSTEM32;C:\Windows\WinSxS\amd64_microsoft.windows.common-controls_6595b64144ccf1df_6.0.22621.3672_none_2713b9d173822955;C:\Program Files\Java\jdk-23\bin\server

VM Arguments:
jvm_args: -Dfile.encoding=UTF-8 --module-path=C:\Users\HP\Documents\NetBeansProjects\ATM Simulator System\build\classes 
java_command: atm.simulator.system.Transactions
java_class_path (initial): C:\Users\HP\Downloads\jcalendar-tz-1.3.3-4.jar;C:\Users\HP\Downloads\mysql-connector-java-8.0.28.jar;C:\Users\HP\Documents\NetBeansProjects\ATM Simulator System\build\classes
Launcher Type: SUN_STANDARD

[Global flags]
     intx CICompilerCount                          = 4                                         {product} {ergonomic}
     uint ConcGCThreads                            = 2                                         {product} {ergonomic}
     uint G1ConcRefinementThreads                  = 8                                         {product} {ergonomic}
   size_t G1HeapRegionSize                         = 1048576                                   {product} {ergonomic}
   size_t InitialHeapSize                          = 134217728                                 {product} {ergonomic}
   size_t MarkStackSize                            = 4194304                                   {product} {ergonomic}
   size_t MarkStackSizeMax                         = 536870912                                 {product} {ergonomic}
   size_t MaxHeapSize                              = 2118123520                                {product} {ergonomic}
   size_t MinHeapDeltaBytes                        = 1048576                                   {product} {ergonomic}
   size_t MinHeapSize                              = 8388608                                   {product} {ergonomic}
    uintx NonNMethodCodeHeapSize                   = 5832704                                {pd product} {ergonomic}
    uintx NonProfiledCodeHeapSize                  = 122945536                              {pd product} {ergonomic}
    uintx ProfiledCodeHeapSize                     = 122880000                              {pd product} {ergonomic}
    uintx ReservedCodeCacheSize                    = 251658240                              {pd product} {ergonomic}
     bool SegmentedCodeCache                       = true                                      {product} {ergonomic}
   size_t SoftMaxHeapSize                          = 2118123520                             {manageable} {ergonomic}
     bool UseCompressedOops                        = true                           {product lp64_product} {ergonomic}
     bool UseG1GC                                  = true                                      {product} {ergonomic}
     bool UseLargePagesIndividualAllocation        = false                                  {pd product} {ergonomic}

Logging:
Log output configuration:
 #0: stdout all=warning uptime,level,tags foldmultilines=false
 #1: stderr all=off uptime,level,tags foldmultilines=false

Environment Variables:
PATH=C:\Program Files\Common Files\Oracle\Java\javapath;C:\Windows\system32;C:\Windows;C:\Windows\System32\Wbem;C:\Windows\System32\WindowsPowerShell\v1.0\;C:\Windows\System32\OpenSSH\;C:\MinGW\bin;C:\Program Files\Java\jdk-23\bin;C:\Program Files\MySQL\MySQL Shell 8.0\bin\;C:\Users\HP\AppData\Local\Microsoft\WindowsApps;C:\Users\HP\AppData\Local\Programs\Microsoft VS Code\bin
USERNAME=HP
OS=Windows_NT
PROCESSOR_IDENTIFIER=Intel64 Family 6 Model 142 Stepping 12, GenuineIntel
TMP=C:\Users\HP\AppData\Local\Temp
TEMP=C:\Users\HP\AppData\Local\Temp




Periodic native trim disabled

---------------  S Y S T E M  ---------------

OS:
 Windows 11 , 64 bit Build 22621 (10.0.22621.3958)
OS uptime: 3 days 1:59 hours

CPU: total 8 (initial active 8) (4 cores per cpu, 2 threads per core) family 6 model 142 stepping 12 microcode 0xde, cx8, cmov, fxsr, ht, mmx, 3dnowpref, sse, sse2, sse3, ssse3, sse4.1, sse4.2, popcnt, lzcnt, tsc, tscinvbit, avx, avx2, aes, erms, clmul, bmi1, bmi2, adx, fma, vzeroupper, clflush, clflushopt, rdtscp, f16c
Processor Information for processor 0
  Max Mhz: 1800, Current Mhz: 1600, Mhz Limit: 1584
Processor Information for processor 1
  Max Mhz: 1800, Current Mhz: 1500, Mhz Limit: 1584
Processor Information for processor 2
  Max Mhz: 1800, Current Mhz: 1600, Mhz Limit: 1584
Processor Information for processor 3
  Max Mhz: 1800, Current Mhz: 1600, Mhz Limit: 1584
Processor Information for processor 4
  Max Mhz: 1800, Current Mhz: 1600, Mhz Limit: 1584
Processor Information for processor 5
  Max Mhz: 1800, Current Mhz: 1600, Mhz Limit: 1584
Processor Information for processor 6
  Max Mhz: 1800, Current Mhz: 1600, Mhz Limit: 1584
Processor Information for processor 7
  Max Mhz: 1800, Current Mhz: 1500, Mhz Limit: 1584

Memory: 4k page, system-wide physical 8078M (1304M free)
TotalPageFile size 32654M (AvailPageFile size 25M)
current process WorkingSet (physical memory assigned to process): 12M, peak: 12M
current process commit charge ("private bytes"): 60M, peak: 188M

vm_info: Java HotSpot(TM) 64-Bit Server VM (23.0.1+11-39) for windows-amd64 JRE (23.0.1+11-39), built on 2024-09-30T07:20:43Z with MS VC++ 17.6 (VS2022)

END.
